빌드 시작: 2021-04-22 오후 7:34:24
     1>2 노드의 "c:\Users\smk38\documents\visual studio 2010\Projects\6-12\6-12\6-12.vcxproj" 프로젝트(build 대상)입니다.
     1>InitializeBuildStatus:
         "AlwaysCreate"이(가) 지정되었기 때문에 "Debug\6-12.unsuccessfulbuild"을(를) 만들고 있습니다.
       ClCompile:
         C:\Program Files (x86)\Microsoft Visual Studio 10.0\VC\bin\CL.exe /c /ZI /nologo /W3 /WX- /Od /Oy- /D WIN32 /D _DEBUG /D _CONSOLE /D _UNICODE /D UNICODE /Gm /EHsc /RTC1 /MDd /GS /fp:precise /Zc:wchar_t /Zc:forScope /Fo"Debug\\" /Fd"Debug\vc100.pdb" /Gd /TP /analyze- /errorReport:prompt "6-12.cpp"
         6-12.cpp
       ManifestResourceCompile:
         모든 출력이 최신 상태입니다.
       Link:
         C:\Program Files (x86)\Microsoft Visual Studio 10.0\VC\bin\link.exe /ERRORREPORT:PROMPT /OUT:"c:\users\smk38\documents\visual studio 2010\Projects\6-12\Debug\6-12.exe" /INCREMENTAL /NOLOGO kernel32.lib user32.lib gdi32.lib winspool.lib comdlg32.lib advapi32.lib shell32.lib ole32.lib oleaut32.lib uuid.lib odbc32.lib odbccp32.lib /MANIFEST /ManifestFile:"Debug\6-12.exe.intermediate.manifest" /MANIFESTUAC:"level='asInvoker' uiAccess='false'" /DEBUG /PDB:"c:\users\smk38\documents\visual studio 2010\Projects\6-12\Debug\6-12.pdb" /SUBSYSTEM:CONSOLE /TLBID:1 /DYNAMICBASE /NXCOMPAT /IMPLIB:"c:\users\smk38\documents\visual studio 2010\Projects\6-12\Debug\6-12.lib" /MACHINE:X86 "Debug\6-12.exe.embed.manifest.res"
         "Debug\6-12.obj"
       Manifest:
         C:\Program Files (x86)\Microsoft SDKs\Windows\v7.0A\bin\mt.exe /nologo /verbose /out:"Debug\6-12.exe.embed.manifest" /manifest "Debug\6-12.exe.intermediate.manifest"
         모든 출력이 최신 상태입니다.
       LinkEmbedManifest:
         모든 출력이 최신 상태입니다.
         6-12.vcxproj -> c:\users\smk38\documents\visual studio 2010\Projects\6-12\Debug\6-12.exe
       FinalizeBuildStatus:
         "Debug\6-12.unsuccessfulbuild" 파일을 삭제하고 있습니다.
         "Debug\6-12.lastbuildstate"에 연결(touching)하고 있습니다.
     1>"c:\Users\smk38\documents\visual studio 2010\Projects\6-12\6-12\6-12.vcxproj" 프로젝트를 빌드했습니다(build 대상).

빌드했습니다.

경과 시간: 00:00:01.60
