빌드 시작: 2021-03-09 오후 3:53:11
     1>2 노드의 "C:\Users\smk38\documents\visual studio 2010\Projects\ch1-ex1\ch1-ex1\ch1-ex1.vcxproj" 프로젝트(build 대상)입니다.
     1>InitializeBuildStatus:
         "AlwaysCreate"이(가) 지정되었기 때문에 "Debug\ch1-ex1.unsuccessfulbuild"을(를) 만들고 있습니다.
       ClCompile:
         C:\Program Files (x86)\Microsoft Visual Studio 10.0\VC\bin\CL.exe /c /ZI /nologo /W3 /WX- /Od /Oy- /D WIN32 /D _DEBUG /D _CONSOLE /D _UNICODE /D UNICODE /Gm /EHsc /RTC1 /MDd /GS /fp:precise /Zc:wchar_t /Zc:forScope /Fo"Debug\\" /Fd"Debug\vc100.pdb" /Gd /TP /analyze- /errorReport:prompt "에러 메시지.cpp"
         에러 메시지.cpp
       ManifestResourceCompile:
         모든 출력이 최신 상태입니다.
       Link:
         C:\Program Files (x86)\Microsoft Visual Studio 10.0\VC\bin\link.exe /ERRORREPORT:PROMPT /OUT:"C:\Users\smk38\documents\visual studio 2010\Projects\ch1-ex1\Debug\ch1-ex1.exe" /INCREMENTAL /NOLOGO kernel32.lib user32.lib gdi32.lib winspool.lib comdlg32.lib advapi32.lib shell32.lib ole32.lib oleaut32.lib uuid.lib odbc32.lib odbccp32.lib /MANIFEST /ManifestFile:"Debug\ch1-ex1.exe.intermediate.manifest" /MANIFESTUAC:"level='asInvoker' uiAccess='false'" /DEBUG /PDB:"C:\Users\smk38\documents\visual studio 2010\Projects\ch1-ex1\Debug\ch1-ex1.pdb" /SUBSYSTEM:CONSOLE /TLBID:1 /DYNAMICBASE /NXCOMPAT /IMPLIB:"C:\Users\smk38\documents\visual studio 2010\Projects\ch1-ex1\Debug\ch1-ex1.lib" /MACHINE:X86 "Debug\ch1-ex1.exe.embed.manifest.res"
         "Debug\에러 메시지.obj"
         "Debug\학번이름.obj"
       Manifest:
         C:\Program Files (x86)\Microsoft SDKs\Windows\v7.0A\bin\mt.exe /nologo /verbose /out:"Debug\ch1-ex1.exe.embed.manifest" /manifest "Debug\ch1-ex1.exe.intermediate.manifest"
         모든 출력이 최신 상태입니다.
       LinkEmbedManifest:
         모든 출력이 최신 상태입니다.
         ch1-ex1.vcxproj -> C:\Users\smk38\documents\visual studio 2010\Projects\ch1-ex1\Debug\ch1-ex1.exe
       FinalizeBuildStatus:
         "Debug\ch1-ex1.unsuccessfulbuild" 파일을 삭제하고 있습니다.
         "Debug\ch1-ex1.lastbuildstate"에 연결(touching)하고 있습니다.
     1>"C:\Users\smk38\documents\visual studio 2010\Projects\ch1-ex1\ch1-ex1\ch1-ex1.vcxproj" 프로젝트를 빌드했습니다(build 대상).

빌드했습니다.

경과 시간: 00:00:01.22
