빌드 시작: 2021-05-06 오후 9:12:41
     1>2 노드의 "c:\Users\smk38\documents\visual studio 2010\Projects\ch7-ex12\ch7-ex12\ch7-ex12.vcxproj" 프로젝트(build 대상)입니다.
     1>PrepareForBuild:
         "c:\users\smk38\documents\visual studio 2010\Projects\ch7-ex12\Debug\" 디렉터리를 만들고 있습니다.
       InitializeBuildStatus:
         "AlwaysCreate"이(가) 지정되었기 때문에 "Debug\ch7-ex12.unsuccessfulbuild"을(를) 만들고 있습니다.
       ClCompile:
         C:\Program Files (x86)\Microsoft Visual Studio 10.0\VC\bin\CL.exe /c /ZI /nologo /W3 /WX- /Od /Oy- /D WIN32 /D _DEBUG /D _CONSOLE /D _UNICODE /D UNICODE /Gm /EHsc /RTC1 /MDd /GS /fp:precise /Zc:wchar_t /Zc:forScope /Fo"Debug\\" /Fd"Debug\vc100.pdb" /Gd /TP /analyze- /errorReport:prompt "7-12.cpp"
         7-12.cpp
     1>c:\users\smk38\documents\visual studio 2010\projects\ch7-ex12\ch7-ex12\7-12.cpp(21): warning C4101: 'j' :참조되지 않은 지역 변수입니다.
       ManifestResourceCompile:
         C:\Program Files (x86)\Microsoft SDKs\Windows\v7.0A\bin\rc.exe /nologo /fo"Debug\ch7-ex12.exe.embed.manifest.res" Debug\ch7-ex12_manifest.rc 
       Link:
         C:\Program Files (x86)\Microsoft Visual Studio 10.0\VC\bin\link.exe /ERRORREPORT:PROMPT /OUT:"c:\users\smk38\documents\visual studio 2010\Projects\ch7-ex12\Debug\ch7-ex12.exe" /INCREMENTAL /NOLOGO kernel32.lib user32.lib gdi32.lib winspool.lib comdlg32.lib advapi32.lib shell32.lib ole32.lib oleaut32.lib uuid.lib odbc32.lib odbccp32.lib /MANIFEST /ManifestFile:"Debug\ch7-ex12.exe.intermediate.manifest" /MANIFESTUAC:"level='asInvoker' uiAccess='false'" /DEBUG /PDB:"c:\users\smk38\documents\visual studio 2010\Projects\ch7-ex12\Debug\ch7-ex12.pdb" /SUBSYSTEM:CONSOLE /TLBID:1 /DYNAMICBASE /NXCOMPAT /IMPLIB:"c:\users\smk38\documents\visual studio 2010\Projects\ch7-ex12\Debug\ch7-ex12.lib" /MACHINE:X86 "Debug\ch7-ex12.exe.embed.manifest.res"
         "Debug\7-12.obj"
       Manifest:
         C:\Program Files (x86)\Microsoft SDKs\Windows\v7.0A\bin\mt.exe /nologo /verbose /out:"Debug\ch7-ex12.exe.embed.manifest" /manifest "Debug\ch7-ex12.exe.intermediate.manifest"
         C:\Program Files (x86)\Microsoft SDKs\Windows\v7.0A\bin\rc.exe /nologo /fo"Debug\ch7-ex12.exe.embed.manifest.res" Debug\ch7-ex12_manifest.rc 
       LinkEmbedManifest:
         C:\Program Files (x86)\Microsoft Visual Studio 10.0\VC\bin\link.exe /ERRORREPORT:PROMPT /OUT:"c:\users\smk38\documents\visual studio 2010\Projects\ch7-ex12\Debug\ch7-ex12.exe" /INCREMENTAL /NOLOGO kernel32.lib user32.lib gdi32.lib winspool.lib comdlg32.lib advapi32.lib shell32.lib ole32.lib oleaut32.lib uuid.lib odbc32.lib odbccp32.lib /MANIFEST /ManifestFile:"Debug\ch7-ex12.exe.intermediate.manifest" /MANIFESTUAC:"level='asInvoker' uiAccess='false'" /DEBUG /PDB:"c:\users\smk38\documents\visual studio 2010\Projects\ch7-ex12\Debug\ch7-ex12.pdb" /SUBSYSTEM:CONSOLE /TLBID:1 /DYNAMICBASE /NXCOMPAT /IMPLIB:"c:\users\smk38\documents\visual studio 2010\Projects\ch7-ex12\Debug\ch7-ex12.lib" /MACHINE:X86 "Debug\ch7-ex12.exe.embed.manifest.res"
         "Debug\7-12.obj"
         ch7-ex12.vcxproj -> c:\users\smk38\documents\visual studio 2010\Projects\ch7-ex12\Debug\ch7-ex12.exe
       FinalizeBuildStatus:
         "Debug\ch7-ex12.unsuccessfulbuild" 파일을 삭제하고 있습니다.
         "Debug\ch7-ex12.lastbuildstate"에 연결(touching)하고 있습니다.
     1>"c:\Users\smk38\documents\visual studio 2010\Projects\ch7-ex12\ch7-ex12\ch7-ex12.vcxproj" 프로젝트를 빌드했습니다(build 대상).

빌드했습니다.

경과 시간: 00:00:03.18
