빌드 시작: 2021-03-27 오후 9:20:00
     1>2 노드의 "c:\Users\smk38\documents\visual studio 2010\Projects\ch5-ex4-4\ch5-ex4-4\ch5-ex4-4.vcxproj" 프로젝트(build 대상)입니다.
     1>InitializeBuildStatus:
         "Debug\ch5-ex4-4.unsuccessfulbuild"에 연결(touching)하고 있습니다.
       ClCompile:
         C:\Program Files (x86)\Microsoft Visual Studio 10.0\VC\bin\CL.exe /c /ZI /nologo /W3 /WX- /Od /Oy- /D WIN32 /D _DEBUG /D _CONSOLE /D _UNICODE /D UNICODE /Gm /EHsc /RTC1 /MDd /GS /fp:precise /Zc:wchar_t /Zc:forScope /Fo"Debug\\" /Fd"Debug\vc100.pdb" /Gd /TP /analyze- /errorReport:prompt "5-4-4.cpp"
         5-4-4.cpp
       ManifestResourceCompile:
         C:\Program Files (x86)\Microsoft SDKs\Windows\v7.0A\bin\rc.exe /nologo /fo"Debug\ch5-ex4-4.exe.embed.manifest.res" Debug\ch5-ex4-4_manifest.rc 
       Link:
         C:\Program Files (x86)\Microsoft Visual Studio 10.0\VC\bin\link.exe /ERRORREPORT:PROMPT /OUT:"c:\users\smk38\documents\visual studio 2010\Projects\ch5-ex4-4\Debug\ch5-ex4-4.exe" /INCREMENTAL /NOLOGO kernel32.lib user32.lib gdi32.lib winspool.lib comdlg32.lib advapi32.lib shell32.lib ole32.lib oleaut32.lib uuid.lib odbc32.lib odbccp32.lib /MANIFEST /ManifestFile:"Debug\ch5-ex4-4.exe.intermediate.manifest" /MANIFESTUAC:"level='asInvoker' uiAccess='false'" /DEBUG /PDB:"c:\users\smk38\documents\visual studio 2010\Projects\ch5-ex4-4\Debug\ch5-ex4-4.pdb" /SUBSYSTEM:CONSOLE /TLBID:1 /DYNAMICBASE /NXCOMPAT /IMPLIB:"c:\users\smk38\documents\visual studio 2010\Projects\ch5-ex4-4\Debug\ch5-ex4-4.lib" /MACHINE:X86 "Debug\ch5-ex4-4.exe.embed.manifest.res"
         "Debug\5-4-4.obj"
       Manifest:
         C:\Program Files (x86)\Microsoft SDKs\Windows\v7.0A\bin\mt.exe /nologo /verbose /out:"Debug\ch5-ex4-4.exe.embed.manifest" /manifest "Debug\ch5-ex4-4.exe.intermediate.manifest"
         C:\Program Files (x86)\Microsoft SDKs\Windows\v7.0A\bin\rc.exe /nologo /fo"Debug\ch5-ex4-4.exe.embed.manifest.res" Debug\ch5-ex4-4_manifest.rc 
       LinkEmbedManifest:
         C:\Program Files (x86)\Microsoft Visual Studio 10.0\VC\bin\link.exe /ERRORREPORT:PROMPT /OUT:"c:\users\smk38\documents\visual studio 2010\Projects\ch5-ex4-4\Debug\ch5-ex4-4.exe" /INCREMENTAL /NOLOGO kernel32.lib user32.lib gdi32.lib winspool.lib comdlg32.lib advapi32.lib shell32.lib ole32.lib oleaut32.lib uuid.lib odbc32.lib odbccp32.lib /MANIFEST /ManifestFile:"Debug\ch5-ex4-4.exe.intermediate.manifest" /MANIFESTUAC:"level='asInvoker' uiAccess='false'" /DEBUG /PDB:"c:\users\smk38\documents\visual studio 2010\Projects\ch5-ex4-4\Debug\ch5-ex4-4.pdb" /SUBSYSTEM:CONSOLE /TLBID:1 /DYNAMICBASE /NXCOMPAT /IMPLIB:"c:\users\smk38\documents\visual studio 2010\Projects\ch5-ex4-4\Debug\ch5-ex4-4.lib" /MACHINE:X86 "Debug\ch5-ex4-4.exe.embed.manifest.res"
         "Debug\5-4-4.obj"
         ch5-ex4-4.vcxproj -> c:\users\smk38\documents\visual studio 2010\Projects\ch5-ex4-4\Debug\ch5-ex4-4.exe
       FinalizeBuildStatus:
         "Debug\ch5-ex4-4.unsuccessfulbuild" 파일을 삭제하고 있습니다.
         "Debug\ch5-ex4-4.lastbuildstate"에 연결(touching)하고 있습니다.
     1>"c:\Users\smk38\documents\visual studio 2010\Projects\ch5-ex4-4\ch5-ex4-4\ch5-ex4-4.vcxproj" 프로젝트를 빌드했습니다(build 대상).

빌드했습니다.

경과 시간: 00:00:01.39
